[debug] [2022-04-19T21:34:34.454Z] ----------------------------------------------------------------------
[debug] [2022-04-19T21:34:34.455Z] Command:       C:\Program Files\nodejs\node.exe C:\Program Files\nodejs\node_modules\firebase-tools\lib\bin\firebase.js init hosting
[debug] [2022-04-19T21:34:34.456Z] CLI Version:   10.3.0
[debug] [2022-04-19T21:34:34.456Z] Platform:      win32
[debug] [2022-04-19T21:34:34.456Z] Node Version:  v16.13.1
[debug] [2022-04-19T21:34:34.457Z] Time:          Tue Apr 19 2022 16:34:34 GMT-0500 (hora estándar de Perú)
[debug] [2022-04-19T21:34:34.457Z] ----------------------------------------------------------------------
[debug] 
[debug] [2022-04-19T21:34:34.524Z] > command requires scopes: ["email","openid","https://www.googleapis.com/auth/cloudplatformprojects.readonly","https://www.googleapis.com/auth/firebase","https://www.googleapis.com/auth/cloud-platform"]
[debug] [2022-04-19T21:34:34.524Z] > authorizing via signed-in user (gdsc.peru@gmail.com)
[info] 
     ######## #### ########  ######## ########     ###     ######  ########
     ##        ##  ##     ## ##       ##     ##  ##   ##  ##       ##
     ######    ##  ########  ######   ########  #########  ######  ######
     ##        ##  ##    ##  ##       ##     ## ##     ##       ## ##
     ##       #### ##     ## ######## ########  ##     ##  ######  ########

You're about to initialize a Firebase project in this directory:

  D:\Development\GDSC Perú\website

Before we get started, keep in mind:

  * You are initializing within an existing Firebase project directory

